{"numTotalTestSuites":28,"numPassedTestSuites":28,"numFailedTestSuites":0,"numPendingTestSuites":0,"numTotalTests":78,"numPassedTests":78,"numFailedTests":0,"numPendingTests":0,"numTodoTests":0,"snapshot":{"added":0,"failure":false,"filesAdded":0,"filesRemoved":0,"filesRemovedList":[],"filesUnmatched":0,"filesUpdated":0,"matched":0,"total":0,"unchecked":0,"uncheckedKeysByFile":[],"unmatched":0,"updated":0,"didUpdate":false},"startTime":1777358309913,"success":true,"testResults":[{"assertionResults":[{"ancestorTitles":["CurrentWeather"],"fullName":"CurrentWeather TC-C-06: renders city name from weatherData prop","status":"passed","title":"TC-C-06: renders city name from weatherData prop","duration":247.8705,"failureMessages":[],"meta":{}},{"ancestorTitles":["CurrentWeather"],"fullName":"CurrentWeather TC-C-07: renders temperature formatted with °C","status":"passed","title":"TC-C-07: renders temperature formatted with °C","duration":24.57299999999941,"failureMessages":[],"meta":{}},{"ancestorTitles":["CurrentWeather"],"fullName":"CurrentWeather TC-C-08: renders weather description text","status":"passed","title":"TC-C-08: renders weather description text","duration":17.65889999999945,"failureMessages":[],"meta":{}},{"ancestorTitles":["CurrentWeather"],"fullName":"CurrentWeather TC-C-09: renders save button in idle state","status":"passed","title":"TC-C-09: renders save button in idle state","duration":257.9971999999998,"failureMessages":[],"meta":{}},{"ancestorTitles":["CurrentWeather"],"fullName":"CurrentWeather TC-C-10: clicking save button calls saveLocation with correct args","status":"passed","title":"TC-C-10: clicking save button calls saveLocation with correct args","duration":173.1333999999997,"failureMessages":[],"meta":{}},{"ancestorTitles":["CurrentWeather"],"fullName":"CurrentWeather TC-C-11: renders feels-like temperature","status":"passed","title":"TC-C-11: renders feels-like temperature","duration":14.496799999999894,"failureMessages":[],"meta":{}},{"ancestorTitles":["CurrentWeather"],"fullName":"CurrentWeather TC-C-12: renders nothing when data prop is null","status":"passed","title":"TC-C-12: renders nothing when data prop is null","duration":5.763899999999921,"failureMessages":[],"meta":{}}],"startTime":1777358317339,"endTime":1777358318081.764,"status":"passed","message":"","name":"C:/Users/User/Desktop/weather-dashboard/tests/unit/components/CurrentWeather.test.jsx"},{"assertionResults":[{"ancestorTitles":["DynamicBackground"],"fullName":"DynamicBackground TC-C-17: applies sunny theme CSS class when theme=\"sunny\"","status":"passed","title":"TC-C-17: applies sunny theme CSS class when theme=\"sunny\"","duration":85.50170000000071,"failureMessages":[],"meta":{}},{"ancestorTitles":["DynamicBackground"],"fullName":"DynamicBackground TC-C-18: applies rainy theme CSS class when theme=\"rainy\"","status":"passed","title":"TC-C-18: applies rainy theme CSS class when theme=\"rainy\"","duration":13.229099999999562,"failureMessages":[],"meta":{}},{"ancestorTitles":["DynamicBackground"],"fullName":"DynamicBackground TC-C-19: renders children inside the background div","status":"passed","title":"TC-C-19: renders children inside the background div","duration":51.961200000000645,"failureMessages":[],"meta":{}},{"ancestorTitles":["DynamicBackground"],"fullName":"DynamicBackground TC-C-20: defaults to cloudy theme when no theme prop is supplied","status":"passed","title":"TC-C-20: defaults to cloudy theme when no theme prop is supplied","duration":6.64600000000064,"failureMessages":[],"meta":{}},{"ancestorTitles":["DynamicBackground"],"fullName":"DynamicBackground TC-C-21: renders the animated overlay div for the sunny theme","status":"passed","title":"TC-C-21: renders the animated overlay div for the sunny theme","duration":15.629399999999805,"failureMessages":[],"meta":{}},{"ancestorTitles":["DynamicBackground"],"fullName":"DynamicBackground TC-C-22: does not render an overlay div for the cloudy (non-animated) theme","status":"passed","title":"TC-C-22: does not render an overlay div for the cloudy (non-animated) theme","duration":7.972300000000359,"failureMessages":[],"meta":{}},{"ancestorTitles":["DynamicBackground"],"fullName":"DynamicBackground TC-C-23: overlay div is aria-hidden to keep decorative animation out of screen readers","status":"passed","title":"TC-C-23: overlay div is aria-hidden to keep decorative animation out of screen readers","duration":13.600599999999758,"failureMessages":[],"meta":{}}],"startTime":1777358317273,"endTime":1777358317469.6006,"status":"passed","message":"","name":"C:/Users/User/Desktop/weather-dashboard/tests/unit/components/DynamicBackground.test.jsx"},{"assertionResults":[{"ancestorTitles":["FiveDayForecast"],"fullName":"FiveDayForecast TC-C-14: renders exactly 5 forecast card list items","status":"passed","title":"TC-C-14: renders exactly 5 forecast card list items","duration":530.9121000000005,"failureMessages":[],"meta":{}},{"ancestorTitles":["FiveDayForecast"],"fullName":"FiveDayForecast TC-C-15: each card renders a date string","status":"passed","title":"TC-C-15: each card renders a date string","duration":110.40810000000056,"failureMessages":[],"meta":{}},{"ancestorTitles":["FiveDayForecast"],"fullName":"FiveDayForecast TC-C-16: renders loading spinner when loading prop is true","status":"passed","title":"TC-C-16: renders loading spinner when loading prop is true","duration":28.329200000000128,"failureMessages":[],"meta":{}},{"ancestorTitles":["FiveDayForecast"],"fullName":"FiveDayForecast TC-C-17: renders nothing when forecast array is empty","status":"passed","title":"TC-C-17: renders nothing when forecast array is empty","duration":7.625300000000607,"failureMessages":[],"meta":{}},{"ancestorTitles":["FiveDayForecast"],"fullName":"FiveDayForecast TC-C-18: renders city heading when city prop is provided","status":"passed","title":"TC-C-18: renders city heading when city prop is provided","duration":51.90319999999974,"failureMessages":[],"meta":{}},{"ancestorTitles":["FiveDayForecast"],"fullName":"FiveDayForecast TC-C-19: section has aria-label that includes the city name","status":"passed","title":"TC-C-19: section has aria-label that includes the city name","duration":28.620899999999892,"failureMessages":[],"meta":{}}],"startTime":1777358317347,"endTime":1777358318105.6208,"status":"passed","message":"","name":"C:/Users/User/Desktop/weather-dashboard/tests/unit/components/FiveDayForecast.test.jsx"},{"assertionResults":[{"ancestorTitles":["SearchBar"],"fullName":"SearchBar TC-C-01: renders input with aria-label \"Search for a city\"","status":"passed","title":"TC-C-01: renders input with aria-label \"Search for a city\"","duration":342.1968999999999,"failureMessages":[],"meta":{}},{"ancestorTitles":["SearchBar"],"fullName":"SearchBar TC-C-02: typing into input updates its value","status":"passed","title":"TC-C-02: typing into input updates its value","duration":312.85199999999986,"failureMessages":[],"meta":{}},{"ancestorTitles":["SearchBar"],"fullName":"SearchBar TC-C-03: submitting form calls setSelectedCity with the typed value","status":"passed","title":"TC-C-03: submitting form calls setSelectedCity with the typed value","duration":312.2424000000001,"failureMessages":[],"meta":{}},{"ancestorTitles":["SearchBar"],"fullName":"SearchBar TC-C-04: clear button appears when input has a value","status":"passed","title":"TC-C-04: clear button appears when input has a value","duration":114.10160000000178,"failureMessages":[],"meta":{}},{"ancestorTitles":["SearchBar"],"fullName":"SearchBar TC-C-05: clear button resets input to empty","status":"passed","title":"TC-C-05: clear button resets input to empty","duration":227.8770999999997,"failureMessages":[],"meta":{}},{"ancestorTitles":["SearchBar"],"fullName":"SearchBar TC-C-06: submit trims surrounding whitespace before calling context","status":"passed","title":"TC-C-06: submit trims surrounding whitespace before calling context","duration":251.65020000000004,"failureMessages":[],"meta":{}},{"ancestorTitles":["SearchBar"],"fullName":"SearchBar TC-C-07: submit with only whitespace does not call setSelectedCity","status":"passed","title":"TC-C-07: submit with only whitespace does not call setSelectedCity","duration":174.72029999999904,"failureMessages":[],"meta":{}}],"startTime":1777358317334,"endTime":1777358319070.7202,"status":"passed","message":"","name":"C:/Users/User/Desktop/weather-dashboard/tests/unit/components/SearchBar.test.jsx"},{"assertionResults":[{"ancestorTitles":["WeatherStats"],"fullName":"WeatherStats TC-C-11: renders humidity value from weatherData prop","status":"passed","title":"TC-C-11: renders humidity value from weatherData prop","duration":284.3887000000004,"failureMessages":[],"meta":{}},{"ancestorTitles":["WeatherStats"],"fullName":"WeatherStats TC-C-12: renders wind speed value","status":"passed","title":"TC-C-12: renders wind speed value","duration":30.257800000000316,"failureMessages":[],"meta":{}},{"ancestorTitles":["WeatherStats"],"fullName":"WeatherStats TC-C-13: all stat items have aria-label attributes","status":"passed","title":"TC-C-13: all stat items have aria-label attributes","duration":93.3188999999993,"failureMessages":[],"meta":{}},{"ancestorTitles":["WeatherStats"],"fullName":"WeatherStats TC-C-14: renders pressure value","status":"passed","title":"TC-C-14: renders pressure value","duration":33.480900000000474,"failureMessages":[],"meta":{}},{"ancestorTitles":["WeatherStats"],"fullName":"WeatherStats TC-C-15: renders visibility formatted as km","status":"passed","title":"TC-C-15: renders visibility formatted as km","duration":39.71020000000044,"failureMessages":[],"meta":{}},{"ancestorTitles":["WeatherStats"],"fullName":"WeatherStats TC-C-16: returns null when data prop is null","status":"passed","title":"TC-C-16: returns null when data prop is null","duration":8.262300000000323,"failureMessages":[],"meta":{}},{"ancestorTitles":["WeatherStats"],"fullName":"WeatherStats TC-C-17: renders exactly 6 stat items","status":"passed","title":"TC-C-17: renders exactly 6 stat items","duration":280.0050999999994,"failureMessages":[],"meta":{}}],"startTime":1777358317309,"endTime":1777358318079.0051,"status":"passed","message":"","name":"C:/Users/User/Desktop/weather-dashboard/tests/unit/components/WeatherStats.test.jsx"},{"assertionResults":[{"ancestorTitles":["setCachedWeather + getCachedWeather"],"fullName":"setCachedWeather + getCachedWeather TC-U-16: returns stored data when retrieved immediately","status":"passed","title":"TC-U-16: returns stored data when retrieved immediately","duration":18.59979999999996,"failureMessages":[],"meta":{}},{"ancestorTitles":["setCachedWeather + getCachedWeather"],"fullName":"setCachedWeather + getCachedWeather TC-U-17: returns null after the default 10-minute maxAge has elapsed","status":"passed","title":"TC-U-17: returns null after the default 10-minute maxAge has elapsed","duration":8.114800000000287,"failureMessages":[],"meta":{}},{"ancestorTitles":["setCachedWeather + getCachedWeather"],"fullName":"setCachedWeather + getCachedWeather TC-U-19: returns null for a key that was never set","status":"passed","title":"TC-U-19: returns null for a key that was never set","duration":4.377599999999802,"failureMessages":[],"meta":{}},{"ancestorTitles":["setCachedWeather + getCachedWeather"],"fullName":"setCachedWeather + getCachedWeather TC-U-20: respects a custom maxAge passed to getCachedWeather","status":"passed","title":"TC-U-20: respects a custom maxAge passed to getCachedWeather","duration":2.814400000000205,"failureMessages":[],"meta":{}},{"ancestorTitles":["setCachedWeather + getCachedWeather"],"fullName":"setCachedWeather + getCachedWeather TC-U-21: returns data when just under the default maxAge threshold","status":"passed","title":"TC-U-21: returns data when just under the default maxAge threshold","duration":6.494200000000092,"failureMessages":[],"meta":{}},{"ancestorTitles":["setCachedWeather + getCachedWeather"],"fullName":"setCachedWeather + getCachedWeather stores and retrieves multiple independent city keys","status":"passed","title":"stores and retrieves multiple independent city keys","duration":5.487200000000485,"failureMessages":[],"meta":{}},{"ancestorTitles":["setCachedWeather + getCachedWeather"],"fullName":"setCachedWeather + getCachedWeather overwrites a previously cached entry with fresh data","status":"passed","title":"overwrites a previously cached entry with fresh data","duration":4.60779999999977,"failureMessages":[],"meta":{}},{"ancestorTitles":["clearWeatherCache"],"fullName":"clearWeatherCache TC-U-18: removes all entries for both cached cities","status":"passed","title":"TC-U-18: removes all entries for both cached cities","duration":6.879799999999705,"failureMessages":[],"meta":{}},{"ancestorTitles":["clearWeatherCache"],"fullName":"clearWeatherCache TC-U-22: does not remove sessionStorage keys without the weather_ prefix","status":"passed","title":"TC-U-22: does not remove sessionStorage keys without the weather_ prefix","duration":6.309400000000096,"failureMessages":[],"meta":{}},{"ancestorTitles":["clearWeatherCache"],"fullName":"clearWeatherCache is a no-op when the cache is already empty","status":"passed","title":"is a no-op when the cache is already empty","duration":11.276700000000346,"failureMessages":[],"meta":{}}],"startTime":1777358316272,"endTime":1777358316351.2766,"status":"passed","message":"","name":"C:/Users/User/Desktop/weather-dashboard/tests/unit/utils/cache.test.js"},{"assertionResults":[{"ancestorTitles":["formatTemperature"],"fullName":"formatTemperature TC-U-01: returns value with °C suffix for metric units","status":"passed","title":"TC-U-01: returns value with °C suffix for metric units","duration":5.819599999999809,"failureMessages":[],"meta":{}},{"ancestorTitles":["formatTemperature"],"fullName":"formatTemperature TC-U-02: returns value with °F suffix for imperial units","status":"passed","title":"TC-U-02: returns value with °F suffix for imperial units","duration":1.3937000000005355,"failureMessages":[],"meta":{}},{"ancestorTitles":["formatTemperature"],"fullName":"formatTemperature TC-U-07: handles zero without treating it as falsy","status":"passed","title":"TC-U-07: handles zero without treating it as falsy","duration":0.975800000000163,"failureMessages":[],"meta":{}},{"ancestorTitles":["formatTemperature"],"fullName":"formatTemperature TC-U-08: handles negative temperatures","status":"passed","title":"TC-U-08: handles negative temperatures","duration":1.076799999999821,"failureMessages":[],"meta":{}},{"ancestorTitles":["formatTemperature"],"fullName":"formatTemperature TC-U-09: rounds decimal temperatures before display","status":"passed","title":"TC-U-09: rounds decimal temperatures before display","duration":1.3333999999995285,"failureMessages":[],"meta":{}},{"ancestorTitles":["formatTemperature"],"fullName":"formatTemperature TC-U-10: defaults to metric when units arg is omitted","status":"passed","title":"TC-U-10: defaults to metric when units arg is omitted","duration":0.8616999999994732,"failureMessages":[],"meta":{}},{"ancestorTitles":["formatWindSpeed"],"fullName":"formatWindSpeed TC-U-03: returns speed with m/s suffix for metric units","status":"passed","title":"TC-U-03: returns speed with m/s suffix for metric units","duration":1.0491000000001804,"failureMessages":[],"meta":{}},{"ancestorTitles":["formatWindSpeed"],"fullName":"formatWindSpeed TC-U-04: returns speed with mph suffix for imperial units","status":"passed","title":"TC-U-04: returns speed with mph suffix for imperial units","duration":0.7984999999998763,"failureMessages":[],"meta":{}},{"ancestorTitles":["formatWindSpeed"],"fullName":"formatWindSpeed TC-U-11: toFixed(1) rounds to one decimal place","status":"passed","title":"TC-U-11: toFixed(1) rounds to one decimal place","duration":1.449800000000323,"failureMessages":[],"meta":{}},{"ancestorTitles":["formatHumidity"],"fullName":"formatHumidity TC-U-05: appends % to the humidity number","status":"passed","title":"TC-U-05: appends % to the humidity number","duration":0.8143999999992957,"failureMessages":[],"meta":{}},{"ancestorTitles":["formatHumidity"],"fullName":"formatHumidity handles boundary values","status":"passed","title":"handles boundary values","duration":3.139799999999923,"failureMessages":[],"meta":{}},{"ancestorTitles":["formatDate"],"fullName":"formatDate TC-U-06: returns weekday, day, and month for a known timestamp","status":"passed","title":"TC-U-06: returns weekday, day, and month for a known timestamp","duration":196.02120000000014,"failureMessages":[],"meta":{}},{"ancestorTitles":["formatDate"],"fullName":"formatDate produces a non-empty string for any valid unix timestamp","status":"passed","title":"produces a non-empty string for any valid unix timestamp","duration":4.094900000000052,"failureMessages":[],"meta":{}},{"ancestorTitles":["formatTime"],"fullName":"formatTime TC-U-12: returns a string matching HH:MM format (24-hour)","status":"passed","title":"TC-U-12: returns a string matching HH:MM format (24-hour)","duration":2.38799999999992,"failureMessages":[],"meta":{}},{"ancestorTitles":["formatTime"],"fullName":"formatTime produces a string with correct hour/minute for epoch zero in any timezone","status":"passed","title":"produces a string with correct hour/minute for epoch zero in any timezone","duration":2.0281999999997424,"failureMessages":[],"meta":{}}],"startTime":1777358316277,"endTime":1777358316503.0283,"status":"passed","message":"","name":"C:/Users/User/Desktop/weather-dashboard/tests/unit/utils/formatters.test.js"},{"assertionResults":[{"ancestorTitles":["getBackgroundTheme","clear sky (code 800)"],"fullName":"getBackgroundTheme clear sky (code 800) TC-U-09: returns sunny during the day","status":"passed","title":"TC-U-09: returns sunny during the day","duration":3.8915000000001783,"failureMessages":[],"meta":{}},{"ancestorTitles":["getBackgroundTheme","clear sky (code 800)"],"fullName":"getBackgroundTheme clear sky (code 800) TC-U-10: returns night-clear at night","status":"passed","title":"TC-U-10: returns night-clear at night","duration":0.5371000000000095,"failureMessages":[],"meta":{}},{"ancestorTitles":["getBackgroundTheme","rain band (3xx–5xx)"],"fullName":"getBackgroundTheme rain band (3xx–5xx) TC-U-11: 500 (light rain) returns rainy","status":"passed","title":"TC-U-11: 500 (light rain) returns rainy","duration":0.42709999999988213,"failureMessages":[],"meta":{}},{"ancestorTitles":["getBackgroundTheme","rain band (3xx–5xx)"],"fullName":"getBackgroundTheme rain band (3xx–5xx) TC-U-16: 300 (light drizzle) returns rainy","status":"passed","title":"TC-U-16: 300 (light drizzle) returns rainy","duration":0.5542999999997846,"failureMessages":[],"meta":{}},{"ancestorTitles":["getBackgroundTheme","rain band (3xx–5xx)"],"fullName":"getBackgroundTheme rain band (3xx–5xx) handles top of rain range (599)","status":"passed","title":"handles top of rain range (599)","duration":0.5225000000000364,"failureMessages":[],"meta":{}},{"ancestorTitles":["getBackgroundTheme","thunderstorm band (2xx)"],"fullName":"getBackgroundTheme thunderstorm band (2xx) TC-U-12: 200 (thunderstorm) returns stormy","status":"passed","title":"TC-U-12: 200 (thunderstorm) returns stormy","duration":0.5333000000000538,"failureMessages":[],"meta":{}},{"ancestorTitles":["getBackgroundTheme","thunderstorm band (2xx)"],"fullName":"getBackgroundTheme thunderstorm band (2xx) TC-U-17: 299 (top of storm range) returns stormy","status":"passed","title":"TC-U-17: 299 (top of storm range) returns stormy","duration":0.5106000000000677,"failureMessages":[],"meta":{}},{"ancestorTitles":["getBackgroundTheme","snow band (6xx)"],"fullName":"getBackgroundTheme snow band (6xx) TC-U-13: 600 (light snow) returns snowy","status":"passed","title":"TC-U-13: 600 (light snow) returns snowy","duration":0.4350000000004002,"failureMessages":[],"meta":{}},{"ancestorTitles":["getBackgroundTheme","snow band (6xx)"],"fullName":"getBackgroundTheme snow band (6xx) TC-U-18: 699 (top of snow range) returns snowy","status":"passed","title":"TC-U-18: 699 (top of snow range) returns snowy","duration":0.8738000000003012,"failureMessages":[],"meta":{}},{"ancestorTitles":["getBackgroundTheme","atmosphere band (7xx — fog/haze/mist)"],"fullName":"getBackgroundTheme atmosphere band (7xx — fog/haze/mist) TC-U-15: 741 (fog) returns foggy","status":"passed","title":"TC-U-15: 741 (fog) returns foggy","duration":0.42390000000023065,"failureMessages":[],"meta":{}},{"ancestorTitles":["getBackgroundTheme","atmosphere band (7xx — fog/haze/mist)"],"fullName":"getBackgroundTheme atmosphere band (7xx — fog/haze/mist) handles 701 (mist) returning foggy","status":"passed","title":"handles 701 (mist) returning foggy","duration":0.3137000000001535,"failureMessages":[],"meta":{}},{"ancestorTitles":["getBackgroundTheme","partly cloudy to overcast (801–804)"],"fullName":"getBackgroundTheme partly cloudy to overcast (801–804) TC-U-14: 801 (few clouds) returns cloudy during the day","status":"passed","title":"TC-U-14: 801 (few clouds) returns cloudy during the day","duration":0.2577000000001135,"failureMessages":[],"meta":{}},{"ancestorTitles":["getBackgroundTheme","partly cloudy to overcast (801–804)"],"fullName":"getBackgroundTheme partly cloudy to overcast (801–804) TC-U-19: 804 (overcast) returns night-cloudy at night","status":"passed","title":"TC-U-19: 804 (overcast) returns night-cloudy at night","duration":0.23119999999971697,"failureMessages":[],"meta":{}},{"ancestorTitles":["getBackgroundTheme","partly cloudy to overcast (801–804)"],"fullName":"getBackgroundTheme partly cloudy to overcast (801–804) 802 returns cloudy during the day","status":"passed","title":"802 returns cloudy during the day","duration":0.22519999999985885,"failureMessages":[],"meta":{}},{"ancestorTitles":["isDaytime"],"fullName":"isDaytime TC-U-20: returns true when current time is between sunrise and sunset","status":"passed","title":"TC-U-20: returns true when current time is between sunrise and sunset","duration":0.3503000000000611,"failureMessages":[],"meta":{}},{"ancestorTitles":["isDaytime"],"fullName":"isDaytime TC-U-21: returns false when current time is before sunrise","status":"passed","title":"TC-U-21: returns false when current time is before sunrise","duration":0.2687999999998283,"failureMessages":[],"meta":{}},{"ancestorTitles":["isDaytime"],"fullName":"isDaytime TC-U-22: returns false when current time equals sunset (exclusive upper bound)","status":"passed","title":"TC-U-22: returns false when current time equals sunset (exclusive upper bound)","duration":0.23489999999992506,"failureMessages":[],"meta":{}},{"ancestorTitles":["isDaytime"],"fullName":"isDaytime returns true when current time equals sunrise (inclusive lower bound)","status":"passed","title":"returns true when current time equals sunrise (inclusive lower bound)","duration":0.21709999999984575,"failureMessages":[],"meta":{}},{"ancestorTitles":["isDaytime"],"fullName":"isDaytime returns false when current time is after sunset","status":"passed","title":"returns false when current time is after sunset","duration":0.2122999999996864,"failureMessages":[],"meta":{}}],"startTime":1777358320336,"endTime":1777358320349.2688,"status":"passed","message":"","name":"C:/Users/User/Desktop/weather-dashboard/tests/unit/utils/weatherConditions.test.js"}]}